Table of LS energies present in the .ls file for each Z and n




Table Z = 22;  n = 3
--------------------------------------------------------------------------------
    
      Level                            Total Energy
--------------------------------------------------------------------------------

   0. 1s(2).2s(2).2p(5)_2P       -762.08525419               -0.00
   1. 1s(2).2s_2S.2p(6)_2S       -758.62099763           760308.17

--------------------------------------------------------------------------------



Table Z = 22;  n = 4
--------------------------------------------------------------------------------
    
      Level                            Total Energy
--------------------------------------------------------------------------------

   0. 1s(2).2s(2).2p(5)_2P       -762.17706315               -0.00
   1. 1s(2).2s_2S.2p(6)_2S       -758.70983503           760960.34

--------------------------------------------------------------------------------



Table Z = 22;  n = 5
--------------------------------------------------------------------------------
    
      Level                            Total Energy
--------------------------------------------------------------------------------

   0. 1s(2).2s(2).2p(5)_2P       -762.21040936               -0.00
   1. 1s(2).2s_2S.2p(6)_2S       -758.74539020           760475.54

--------------------------------------------------------------------------------



Table Z = 23;  n = 3
--------------------------------------------------------------------------------
    
      Level                            Total Energy
--------------------------------------------------------------------------------

   0. 1s(2).2s(2).2p(5)_2P       -839.31727387               -0.00
   1. 1s(2).2s_2S.2p(6)_2S       -835.64845037           805205.35

--------------------------------------------------------------------------------



Table Z = 23;  n = 4
--------------------------------------------------------------------------------
    
      Level                            Total Energy
--------------------------------------------------------------------------------

   0. 1s(2).2s(2).2p(5)_2P       -839.40919564               -0.00
   1. 1s(2).2s_2S.2p(6)_2S       -835.73733039           805872.93

--------------------------------------------------------------------------------



Table Z = 23;  n = 5
--------------------------------------------------------------------------------
    
      Level                            Total Energy
--------------------------------------------------------------------------------

   0. 1s(2).2s(2).2p(5)_2P       -839.44257147               -0.00
   1. 1s(2).2s_2S.2p(6)_2S       -835.77288613           805394.50

--------------------------------------------------------------------------------



Table Z = 24;  n = 3
--------------------------------------------------------------------------------
    
      Level                            Total Energy
--------------------------------------------------------------------------------

   0. 1s(2).2s(2).2p(5)_2P       -920.30011163               -0.00
   1. 1s(2).2s_2S.2p(6)_2S       -916.42679475           850086.39

--------------------------------------------------------------------------------



Table Z = 24;  n = 4
--------------------------------------------------------------------------------
    
      Level                            Total Energy
--------------------------------------------------------------------------------

   0. 1s(2).2s(2).2p(5)_2P       -920.39212675               -0.00
   1. 1s(2).2s_2S.2p(6)_2S       -916.51570414           850768.01

--------------------------------------------------------------------------------



Table Z = 24;  n = 5
--------------------------------------------------------------------------------
    
      Level                            Total Energy
--------------------------------------------------------------------------------

   0. 1s(2).2s(2).2p(5)_2P       -920.42552854               -0.00
   1. 1s(2).2s_2S.2p(6)_2S       -916.55125909           850295.45

--------------------------------------------------------------------------------

