1


         HARTREE-FOCK WAVE FUNCTIONS FOR  at    av     Z = 22.0

              Core =  1s(   2)
     Configuration =  2s(   1)  2p(   6)                              


         INPUT DATA
         ----- ----

             WAVE FUNCTION  PROCEDURE
                 NL  SIGMA METH ACC OPT



       1   1s  1  0    1.0   1 0.0  -1
       2   2s  2  0    2.0   1 0.0  -1
       3   2p  2  1    5.5   1 0.0  -1



        INITIAL ESTIMATES 

          NL    SIGMA      E(NL)    AZ(NL)    FUNCTIONS


          1s     1.00    400.513   202.247    SCALED 2Se   2Se       
          2s     2.00     72.607    62.063    SCALED 2Se   2Se       
          2p     5.50     65.488   344.546    SCALED 2Se   2Se       

      LEAST SELF-CONSISTENT FUNCTION IS  2p :WEIGHTED MAXIMUM CHANGE =  8.82D-03

      LEAST SELF-CONSISTENT FUNCTION IS  2p :WEIGHTED MAXIMUM CHANGE =  6.22D-05

      LEAST SELF-CONSISTENT FUNCTION IS  2s :WEIGHTED MAXIMUM CHANGE =  1.08D-06

      LEAST SELF-CONSISTENT FUNCTION IS  1s :WEIGHTED MAXIMUM CHANGE =  1.06D-07


          NUMBER OF FUNCTIONS ITERATED          =     3
          MAXIMUM WEIGHTED CHANGE IN FUNCTIONS  =  0.20D-07




                        ATOM at       TERM av    

  nl       E(nl)        I(nl)       KE(nl)        Rel(nl)   S(nl)       Az(nl)
  1s   397.1353753  -241.867923   232.095906    -1.430031   0.594    202.038987
  2s    70.4639632   -59.238871    43.324274    -0.313389   3.017     61.521919
  2p    63.1156122   -58.667380    41.805085    -0.122694   4.109    340.058342


  nl      Delta(R)     1/R**3       1/R         R        R**2
  1s      3248.333       0.0000   21.54381   0.07007    0.00659
  2s       301.196       0.0000    4.66196   0.31608    0.11734
  2p         0.000     275.5211    4.56693   0.27947    0.09534


     TOTAL ENERGY (a.u.)
     ----- ------
           Non-Relativistic     -758.34659585    Kinetic      758.34659568
           Relativistic Shift     -3.82133653    Potential  -1516.69319152
           Relativistic         -762.16793237    Ratio        -2.000000000
