Table of LS energies present in the .ls file for each Z and n




Table Z = 14;  n = 4
--------------------------------------------------------------------------------
    
      Level                            Total Energy
--------------------------------------------------------------------------------

   0. 3s(2).3p(2)1D2_1D          -288.90618681               -0.00
   1. 3s(2).3p(2)1S0_1S          -288.86374004             9315.82

--------------------------------------------------------------------------------



Table Z = 14;  n = 5
--------------------------------------------------------------------------------
    
      Level                            Total Energy
--------------------------------------------------------------------------------

   0. 3s(2).3p(2)1D2_1D          -288.91015963               -0.00
   1. 3s(2).3p(2)1S0_1S          -288.86821356             9205.93

--------------------------------------------------------------------------------



Table Z = 15;  n = 4
--------------------------------------------------------------------------------
    
      Level                            Total Energy
--------------------------------------------------------------------------------

   0. 3s(2).3p(2)1D2_1D          -340.39951702               -0.00
   1. 3s(2).3p(2)1S0_1S          -340.34060714            12929.01

--------------------------------------------------------------------------------



Table Z = 15;  n = 5
--------------------------------------------------------------------------------
    
      Level                            Total Energy
--------------------------------------------------------------------------------

   0. 3s(2).3p(2)1D2_1D          -340.40393123               -0.00
   1. 3s(2).3p(2)1S0_1S          -340.34554760            12813.51

--------------------------------------------------------------------------------

