1


         HARTREE-FOCK WAVE FUNCTIONS FOR  AT    av     Z = 15.0

              Core =  1s(   2)  2s(   2)  2p(   6)
     Configuration =  3s(   2)  3p(   2)                              


         INPUT DATA
         ----- ----

             WAVE FUNCTION  PROCEDURE
                 NL  SIGMA METH ACC OPT



       1   1s  1  0    1.0   1 0.0   0
       2   2s  2  0    3.0   1 0.0   0
       3   2p  2  1    7.0   1 0.0   0
       4   3s  3  0   10.5   1 0.0   0
       5   3p  3  1   12.5   1 0.0   0



        INITIAL ESTIMATES 

          NL    SIGMA      E(NL)    AZ(NL)    FUNCTIONS


          1s     1.00      0.000   108.508    SCREENED HYDROGENIC    
          2s     3.00      0.000    33.068    SCREENED HYDROGENIC    
          2p     7.00      0.000    76.355    SCREENED HYDROGENIC    
          3s    10.50      0.000     7.961    SCREENED HYDROGENIC    
          3p    12.50      0.000    14.643    SCREENED HYDROGENIC    

      LEAST SELF-CONSISTENT FUNCTION IS  2p :WEIGHTED MAXIMUM CHANGE =  3.41D-01

      LEAST SELF-CONSISTENT FUNCTION IS  3s :WEIGHTED MAXIMUM CHANGE =  4.02D-02

      LEAST SELF-CONSISTENT FUNCTION IS  2p :WEIGHTED MAXIMUM CHANGE =  3.00D-03

      LEAST SELF-CONSISTENT FUNCTION IS  3s :WEIGHTED MAXIMUM CHANGE =  3.96D-04

      LEAST SELF-CONSISTENT FUNCTION IS  2p :WEIGHTED MAXIMUM CHANGE =  2.73D-05

      LEAST SELF-CONSISTENT FUNCTION IS  3s :WEIGHTED MAXIMUM CHANGE =  3.05D-06

      LEAST SELF-CONSISTENT FUNCTION IS  2p :WEIGHTED MAXIMUM CHANGE =  7.84D-07


          NUMBER OF FUNCTIONS ITERATED          =     5
          MAXIMUM WEIGHTED CHANGE IN FUNCTIONS  =  0.18D-06




                        ATOM AT       TERM av    

  nl       E(nl)        I(nl)       KE(nl)        Rel(nl)   S(nl)       Az(nl)
  1s   160.7735196  -112.387014   106.221310    -0.298613   0.549    112.820268
  2s    15.8400709   -26.609443    15.894312    -0.050692   3.356     30.651669
  2p    11.6150764   -25.816989    14.780701    -0.017280   4.656    105.522708
  3s     2.0732355    -8.796953     2.087951    -0.004596   7.689      8.839980
  3p     1.3903374    -7.618280     1.616250    -0.001306   9.177     27.663832


  nl      Delta(R)     1/R**3       1/R         R        R**2
  1s      1012.895       0.0000   14.57389   0.10380    0.01449
  2s        74.765       0.0000    2.83358   0.51530    0.31541
  2p         0.000      62.1620    2.70651   0.48340    0.29184
  3s         6.219       0.0000    0.72566   1.84646    3.92878
  3p         0.000       4.0092    0.61564   2.14656    5.38275


     TOTAL ENERGY (a.u.)
     ----- ------
           Non-Relativistic     -340.32385351    Kinetic      340.32385070
           Relativistic Shift     -0.78654057    Potential   -680.64770421
           Relativistic         -341.11039407    Ratio        -2.000000008
